Build started 03-Sep-23 01:45:01.
     1>Project "F:\mikumikuonline_src\src\cryptopp562\cryptlib.vcxproj" on node 2 (build target(s)).
     1>InitializeBuildStatus:
         Creating "Win32\cryptlib\Debug\cryptlib.unsuccessfulbuild" because "AlwaysCreate" was specified.
       CustomBuild:
         Performing Custom Build Tools
                 1 file(s) copied.
       ClCompile:
         E:\Program Files (x86)\Microsoft Visual Studio 10.0\VC\bin\CL.exe /c /ZI /nologo /W3 /WX- /Od /Oi /Oy- /D _DEBUG /D _WINDOWS /D USE_PRECOMPILED_HEADERS /D WIN32 /D _VC80_UPGRADE=0x0710 /Gm- /EHsc /MTd /GS /arch:SSE /fp:precise /Zc:wchar_t /Zc:forScope /Yc"pch.h" /Fp"Win32\cryptlib\Debug\cryptlib.pch" /Fo"Win32\cryptlib\Debug\\" /Fd"Win32\Output\Debug\vc80.pdb" /Gd /TP /analyze- /errorReport:prompt pch.cpp
         pch.cpp
         E:\Program Files (x86)\Microsoft Visual Studio 10.0\VC\bin\CL.exe /c /ZI /nologo /W3 /WX- /Od /Oi /Oy- /D _DEBUG /D _WINDOWS /D USE_PRECOMPILED_HEADERS /D WIN32 /D _VC80_UPGRADE=0x0710 /Gm- /EHsc /MTd /GS /arch:SSE /fp:precise /Zc:wchar_t /Zc:forScope /Yu"pch.h" /Fp"Win32\cryptlib\Debug\cryptlib.pch" /Fo"Win32\cryptlib\Debug\\" /Fd"Win32\Output\Debug\vc80.pdb" /Gd /TP /analyze- /errorReport:prompt 3way.cpp adler32.cpp algebra.cpp algparam.cpp arc4.cpp asn.cpp authenc.cpp base32.cpp base64.cpp basecode.cpp bfinit.cpp blowfish.cpp blumshub.cpp camellia.cpp cast.cpp casts.cpp cbcmac.cpp ccm.cpp channels.cpp cmac.cpp cpu.cpp crc.cpp cryptlib.cpp default.cpp des.cpp dessp.cpp dh.cpp dh2.cpp dsa.cpp eax.cpp ec2n.cpp ecp.cpp elgamal.cpp emsa2.cpp esign.cpp files.cpp filters.cpp fips140.cpp fipstest.cpp gcm.cpp gf256.cpp gf2_32.cpp gf2n.cpp gfpcrypt.cpp gost.cpp gzip.cpp hex.cpp hmac.cpp hrtimer.cpp ida.cpp idea.cpp integer.cpp luc.cpp mars.cpp marss.cpp md2.cpp md4.cpp md5.cpp misc.cpp modes.cpp mqueue.cpp mqv.cpp nbtheory.cpp network.cpp oaep.cpp osrng.cpp panama.cpp pkcspad.cpp polynomi.cpp pssr.cpp pubkey.cpp queue.cpp rabin.cpp randpool.cpp rc2.cpp rc5.cpp rc6.cpp rdtables.cpp rijndael.cpp ripemd.cpp rng.cpp rsa.cpp rw.cpp safer.cpp salsa.cpp seal.cpp seed.cpp serpent.cpp sha.cpp sha3.cpp shacal2.cpp shark.cpp sharkbox.cpp simple.cpp skipjack.cpp socketft.cpp sosemanuk.cpp square.cpp squaretb.cpp strciphr.cpp tea.cpp tftables.cpp tiger.cpp tigertab.cpp trdlocal.cpp ttmac.cpp twofish.cpp vmac.cpp wait.cpp wake.cpp whrlpool.cpp winpipes.cpp xtr.cpp xtrcrypt.cpp zdeflate.cpp zinflate.cpp zlib.cpp
         3way.cpp
         adler32.cpp
         algebra.cpp
         algparam.cpp
         arc4.cpp
         asn.cpp
         authenc.cpp
         base32.cpp
         base64.cpp
         basecode.cpp
         bfinit.cpp
         blowfish.cpp
         blumshub.cpp
         camellia.cpp
         cast.cpp
         casts.cpp
         cbcmac.cpp
         ccm.cpp
         channels.cpp
         cmac.cpp
         Generating Code...
         Compiling...
         cpu.cpp
         crc.cpp
         cryptlib.cpp
         default.cpp
         des.cpp
         dessp.cpp
         dh.cpp
         dh2.cpp
         dsa.cpp
         eax.cpp
         ec2n.cpp
         ecp.cpp
         elgamal.cpp
         emsa2.cpp
         esign.cpp
         files.cpp
         filters.cpp
         fips140.cpp
         fipstest.cpp
         gcm.cpp
         Generating Code...
         Compiling...
         gf256.cpp
         gf2_32.cpp
         gf2n.cpp
         gfpcrypt.cpp
         gost.cpp
         gzip.cpp
         hex.cpp
         hmac.cpp
         hrtimer.cpp
         ida.cpp
         idea.cpp
         integer.cpp
         luc.cpp
         mars.cpp
         marss.cpp
         md2.cpp
         md4.cpp
         md5.cpp
         misc.cpp
         modes.cpp
         Generating Code...
         Compiling...
         mqueue.cpp
     1>Done Building Project "F:\mikumikuonline_src\src\cryptopp562\cryptlib.vcxproj" (build target(s)) -- FAILED.

Build FAILED.

Time Elapsed 00:00:13.79
